# JRE version: OpenJDK Runtime Environment (8.0_152-b01) (build 1.8.0_152-release-915-b01)
# Java VM: OpenJDK 64-Bit Server VM (25.152-b01 mixed mode windows-amd64 compressed oops)
Heap:
 PSYoungGen      total 353280K, used 292586K [0x00000000e0000000, 0x00000000fa300000, 0x0000000100000000)
  eden space 339968K, 82% used [0x00000000e0000000,0x00000000f1128230,0x00000000f4c00000)
  from space 13312K, 96% used [0x00000000f5800000,0x00000000f6492688,0x00000000f6500000)
  to   space 44544K, 0% used [0x00000000f7780000,0x00000000f7780000,0x00000000fa300000)
 ParOldGen       total 200192K, used 115125K [0x00000000a0000000, 0x00000000ac380000, 0x00000000e0000000)
  object space 200192K, 57% used [0x00000000a0000000,0x00000000a706d640,0x00000000ac380000)
 Metaspace       used 87729K, capacity 93824K, committed 93912K, reserved 1130496K
  class space    used 11120K, capacity 12538K, committed 12544K, reserved 1048576K
GC Heap History (10 events):
Event: 6175.256 GC heap before
{Heap before GC invocations=18 (full 3):
 PSYoungGen      total 450560K, used 424051K [0x00000000e0000000, 0x00000000ff480000, 0x0000000100000000)
  eden space 408064K, 100% used [0x00000000e0000000,0x00000000f8e80000,0x00000000f8e80000)
  from space 42496K, 37% used [0x00000000fcb00000,0x00000000fda9ce90,0x00000000ff480000)
  to   space 52224K, 0% used [0x00000000f8e80000,0x00000000f8e80000,0x00000000fc180000)
 ParOldGen       total 200192K, used 114829K [0x00000000a0000000, 0x00000000ac380000, 0x00000000e0000000)
  object space 200192K, 57% used [0x00000000a0000000,0x00000000a7023628,0x00000000ac380000)
 Metaspace       used 83463K, capacity 87578K, committed 87768K, reserved 1126400K
  class space    used 10689K, capacity 11715K, committed 11776K, reserved 1048576K
Event: 6175.266 GC heap after
Heap after GC invocations=18 (full 3):
 PSYoungGen      total 395264K, used 1953K [0x00000000e0000000, 0x00000000fe700000, 0x0000000100000000)
  eden space 393216K, 0% used [0x00000000e0000000,0x00000000e0000000,0x00000000f8000000)
  from space 2048K, 95% used [0x00000000f8e80000,0x00000000f9068540,0x00000000f9080000)
  to   space 52736K, 0% used [0x00000000fb380000,0x00000000fb380000,0x00000000fe700000)
 ParOldGen       total 200192K, used 115093K [0x00000000a0000000, 0x00000000ac380000, 0x00000000e0000000)
  object space 200192K, 57% used [0x00000000a0000000,0x00000000a7065640,0x00000000ac380000)
 Metaspace       used 83463K, capacity 87578K, committed 87768K, reserved 1126400K
  class space    used 10689K, capacity 11715K, committed 11776K, reserved 1048576K
}
Event: 6288.812 GC heap before
{Heap before GC invocations=19 (full 3):
 PSYoungGen      total 395264K, used 395169K [0x00000000e0000000, 0x00000000fe700000, 0x0000000100000000)
  eden space 393216K, 100% used [0x00000000e0000000,0x00000000f8000000,0x00000000f8000000)
  from space 2048K, 95% used [0x00000000f8e80000,0x00000000f9068540,0x00000000f9080000)
  to   space 52736K, 0% used [0x00000000fb380000,0x00000000fb380000,0x00000000fe700000)
 ParOldGen       total 200192K, used 115093K [0x00000000a0000000, 0x00000000ac380000, 0x00000000e0000000)
  object space 200192K, 57% used [0x00000000a0000000,0x00000000a7065640,0x00000000ac380000)
 Metaspace       used 84574K, capacity 89252K, committed 89560K, reserved 1126400K
  class space    used 10776K, capacity 11926K, committed 12032K, reserved 1048576K
Event: 6288.824 GC heap after
Heap after GC invocations=19 (full 3):
 PSYoungGen      total 412160K, used 14854K [0x00000000e0000000, 0x00000000fd400000, 0x0000000100000000)
  eden space 378880K, 0% used [0x00000000e0000000,0x00000000e0000000,0x00000000f7200000)
  from space 33280K, 44% used [0x00000000fb380000,0x00000000fc201a28,0x00000000fd400000)
  to   space 50176K, 0% used [0x00000000f7200000,0x00000000f7200000,0x00000000fa300000)
 ParOldGen       total 200192K, used 115101K [0x00000000a0000000, 0x00000000ac380000, 0x00000000e0000000)
  object space 200192K, 57% used [0x00000000a0000000,0x00000000a7067640,0x00000000ac380000)
 Metaspace       used 84574K, capacity 89252K, committed 89560K, reserved 1126400K
  class space    used 10776K, capacity 11926K, committed 12032K, reserved 1048576K
}
Event: 6316.519 GC heap before
{Heap before GC invocations=20 (full 3):
 PSYoungGen      total 412160K, used 393734K [0x00000000e0000000, 0x00000000fd400000, 0x0000000100000000)
  eden space 378880K, 100% used [0x00000000e0000000,0x00000000f7200000,0x00000000f7200000)
  from space 33280K, 44% used [0x00000000fb380000,0x00000000fc201a28,0x00000000fd400000)
  to   space 50176K, 0% used [0x00000000f7200000,0x00000000f7200000,0x00000000fa300000)
 ParOldGen       total 200192K, used 115101K [0x00000000a0000000, 0x00000000ac380000, 0x00000000e0000000)
  object space 200192K, 57% used [0x00000000a0000000,0x00000000a7067640,0x00000000ac380000)
 Metaspace       used 85136K, capacity 90216K, committed 90456K, reserved 1128448K
  class space    used 10829K, capacity 12082K, committed 12160K, reserved 1048576K
Event: 6316.538 GC heap after
Heap after GC invocations=20 (full 3):
 PSYoungGen      total 371712K, used 6149K [0x00000000e0000000, 0x00000000fc580000, 0x0000000100000000)
  eden space 365056K, 0% used [0x00000000e0000000,0x00000000e0000000,0x00000000f6480000)
  from space 6656K, 92% used [0x00000000f7200000,0x00000000f7801540,0x00000000f7880000)
  to   space 49664K, 0% used [0x00000000f9500000,0x00000000f9500000,0x00000000fc580000)
 ParOldGen       total 200192K, used 115109K [0x00000000a0000000, 0x00000000ac380000, 0x00000000e0000000)
  object space 200192K, 57% used [0x00000000a0000000,0x00000000a7069640,0x00000000ac380000)
 Metaspace       used 85136K, capacity 90216K, committed 90456K, reserved 1128448K
  class space    used 10829K, capacity 12082K, committed 12160K, reserved 1048576K
}
Event: 6326.263 GC heap before
{Heap before GC invocations=21 (full 3):
 PSYoungGen      total 371712K, used 371205K [0x00000000e0000000, 0x00000000fc580000, 0x0000000100000000)
  eden space 365056K, 100% used [0x00000000e0000000,0x00000000f6480000,0x00000000f6480000)
  from space 6656K, 92% used [0x00000000f7200000,0x00000000f7801540,0x00000000f7880000)
  to   space 49664K, 0% used [0x00000000f9500000,0x00000000f9500000,0x00000000fc580000)
 ParOldGen       total 200192K, used 115109K [0x00000000a0000000, 0x00000000ac380000, 0x00000000e0000000)
  object space 200192K, 57% used [0x00000000a0000000,0x00000000a7069640,0x00000000ac380000)
 Metaspace       used 85446K, capacity 90808K, committed 90968K, reserved 1128448K
  class space    used 10866K, capacity 12148K, committed 12160K, reserved 1048576K
Event: 6326.273 GC heap after
Heap after GC invocations=21 (full 3):
 PSYoungGen      total 382976K, used 18010K [0x00000000e0000000, 0x00000000fb300000, 0x0000000100000000)
  eden space 352256K, 0% used [0x00000000e0000000,0x00000000e0000000,0x00000000f5800000)
  from space 30720K, 58% used [0x00000000f9500000,0x00000000fa6969b8,0x00000000fb300000)
  to   space 46592K, 0% used [0x00000000f5800000,0x00000000f5800000,0x00000000f8580000)
 ParOldGen       total 200192K, used 115117K [0x00000000a0000000, 0x00000000ac380000, 0x00000000e0000000)
  object space 200192K, 57% used [0x00000000a0000000,0x00000000a706b640,0x00000000ac380000)
 Metaspace       used 85446K, capacity 90808K, committed 90968K, reserved 1128448K
  class space    used 10866K, capacity 12148K, committed 12160K, reserved 1048576K
}
Event: 8969.808 GC heap before
{Heap before GC invocations=22 (full 3):
 PSYoungGen      total 382976K, used 370266K [0x00000000e0000000, 0x00000000fb300000, 0x0000000100000000)
  eden space 352256K, 100% used [0x00000000e0000000,0x00000000f5800000,0x00000000f5800000)
  from space 30720K, 58% used [0x00000000f9500000,0x00000000fa6969b8,0x00000000fb300000)
  to   space 46592K, 0% used [0x00000000f5800000,0x00000000f5800000,0x00000000f8580000)
 ParOldGen       total 200192K, used 115117K [0x00000000a0000000, 0x00000000ac380000, 0x00000000e0000000)
  object space 200192K, 57% used [0x00000000a0000000,0x00000000a706b640,0x00000000ac380000)
 Metaspace       used 86612K, capacity 92684K, committed 92888K, reserved 1130496K
  class space    used 11025K, capacity 12440K, committed 12544K, reserved 1048576K
Event: 8969.825 GC heap after
Heap after GC invocations=22 (full 3):
 PSYoungGen      total 353280K, used 12873K [0x00000000e0000000, 0x00000000fa300000, 0x0000000100000000)
  eden space 339968K, 0% used [0x00000000e0000000,0x00000000e0000000,0x00000000f4c00000)
  from space 13312K, 96% used [0x00000000f5800000,0x00000000f6492688,0x00000000f6500000)
  to   space 44544K, 0% used [0x00000000f7780000,0x00000000f7780000,0x00000000fa300000)
 ParOldGen       total 200192K, used 115125K [0x00000000a0000000, 0x00000000ac380000, 0x00000000e0000000)
  object space 200192K, 57% used [0x00000000a0000000,0x00000000a706d640,0x00000000ac380000)
 Metaspace       used 86612K, capacity 92684K, committed 92888K, reserved 1130496K
  class space    used 11025K, capacity 12440K, committed 12544K, reserved 1048576K
}

